<?xml version="1.0" encoding="UTF-8"?>
<!-- Generated by org.testng.reporters.JUnitReportReporter -->
<testsuite hostname="DESKTOP-UIFG9QV" failures="0" tests="1" name="TestNg_Example.KB_LOGIN_TEST" time="35.477" errors="0" timestamp="2021-03-22T07:21:46 IST" skipped="0">
  <testcase classname="TestNg_Example.KB_LOGIN_TEST" name="open_browsers" time="35.477"/>
  <system-out/>
</testsuite> <!-- TestNg_Example.KB_LOGIN_TEST -->
