<?xml version="1.0" encoding="UTF-8"?>
<!-- Generated by org.testng.reporters.JUnitReportReporter -->
<testsuite hostname="DESKTOP-UIFG9QV" failures="0" tests="3" name="Tests.TestNg_Groups" time="14.898" errors="0" timestamp="2021-03-22T07:15:00 IST" skipped="1">
  <testcase classname="Tests.TestNg_Groups" name="tc_03" time="7.157"/>
  <system-out/>
  <testcase classname="Tests.TestNg_Groups" name="tc_01" time="7.741"/>
  <system-out/>
  <testcase classname="Tests.TestNg_Groups" name="tc_02">
    <skipped/>
  </testcase> <!-- tc_02 -->
  <system-out/>
</testsuite> <!-- Tests.TestNg_Groups -->
