<?xml version="1.0" encoding="UTF-8"?>
<!-- Generated by org.testng.reporters.JUnitReportReporter -->
<testsuite hostname="DESKTOP-UIFG9QV" failures="0" tests="1" name="TestNg_Example.NewTest" time="51.975" errors="0" timestamp="2021-03-19T07:29:37 IST" skipped="0">
  <testcase classname="TestNg_Example.NewTest" name="Snapdeal" time="51.975"/>
  <system-out/>
</testsuite> <!-- TestNg_Example.NewTest -->
