<?xml version="1.0" encoding="UTF-8"?>
<!-- Generated by org.testng.reporters.JUnitReportReporter -->
<testsuite hostname="DESKTOP-UIFG9QV" failures="0" tests="1" name="TestNg_Example.Kb_login" time="27.092" errors="0" timestamp="2021-03-22T07:21:46 IST" skipped="0">
  <testcase classname="TestNg_Example.Kb_login" name="open_browser" time="27.092"/>
  <system-out/>
</testsuite> <!-- TestNg_Example.Kb_login -->
