<?xml version="1.0" encoding="UTF-8"?>
<!-- Generated by org.testng.reporters.JUnitReportReporter -->
<testsuite hostname="DESKTOP-UIFG9QV" failures="0" tests="2" name="TestNg_Example.TestNG_Annotatio" time="0.015" errors="0" timestamp="2021-03-19T07:37:02 IST" skipped="0">
  <testcase classname="TestNg_Example.TestNG_Annotatio" name="testCase1" time="0.011"/>
  <system-out/>
  <testcase classname="TestNg_Example.TestNG_Annotatio" name="testCase2" time="0.004"/>
  <system-out/>
</testsuite> <!-- TestNg_Example.TestNG_Annotatio -->
